[19:18:32.632] [INFO] storybook v10.2.13
[19:18:32.888] [ERROR] [38;2;241;97;97mSB_CORE-SERVER_0007 (MainFileEvaluationError): Storybook couldn't evaluate your [33m.storybook\main.ts[39m file.

Original error:
[37mError [ERR_PACKAGE_PATH_NOT_EXPORTED]: Package subpath './blocks/package.json' is not defined by "exports" in \node_modules\@storybook\addon-docs\package.json imported from \.storybook\main.ts
    at exportsNotFound (node:internal/modules/esm/resolve:313:10)
    at packageExportsResolve (node:internal/modules/esm/resolve:660:9)
    at packageResolve (node:internal/modules/esm/resolve:773:12)
    at moduleResolve (node:internal/modules/esm/resolve:853:18)
    at defaultResolve (node:internal/modules/esm/resolve:983:11)
    at nextResolve (node:internal/modules/esm/hooks:748:28)
    at Hooks.resolve (node:internal/modules/esm/hooks:240:30)
    at MessagePort.handleMessage (node:internal/modules/esm/worker:199:24)
    at [nodejs.internal.kHybridDispatch] (node:internal/event_target:845:20)
    at MessagePort.<anonymous> (node:internal/per_context/messageport:23:28)[39m[39m
    at loadMainConfig (file:///C:/Users/alvan/eventuellit/packages/ui/node_modules/storybook/dist/_node-chunks/chunk-CUCNHZNT.js:11709:11)
    at async buildDevStandalone (file:///C:/Users/alvan/eventuellit/packages/ui/node_modules/storybook/dist/core-server/index.js:7552:16)
    at async withTelemetry (file:///C:/Users/alvan/eventuellit/packages/ui/node_modules/storybook/dist/_node-chunks/chunk-WGZQUMPK.js:218:12)
    at async dev (file:///C:/Users/alvan/eventuellit/packages/ui/node_modules/storybook/dist/bin/core.js:2734:3)
    at async _Command.<anonymous> (file:///C:/Users/alvan/eventuellit/packages/ui/node_modules/storybook/dist/bin/core.js:2803:92)
[19:18:32.898] [WARN] Broken build, fix the error above.
You may need to refresh the browser.
[19:18:32.905] [WARN]   Failed to load preset: "C:/Users/alvan/eventuellit/packages/ui/.storybook/main.ts"
[19:18:32.905] [ERROR] Error [ERR_PACKAGE_PATH_NOT_EXPORTED]: Package subpath './blocks/package.json' is not defined by "exports" in .\node_modules\@storybook\addon-docs\package.json imported from .\.storybook\main.ts
    at exportsNotFound (node:internal/modules/esm/resolve:313:10)
    at packageExportsResolve (node:internal/modules/esm/resolve:660:9)
    at packageResolve (node:internal/modules/esm/resolve:773:12)
    at moduleResolve (node:internal/modules/esm/resolve:853:18)
    at defaultResolve (node:internal/modules/esm/resolve:983:11)
    at nextResolve (node:internal/modules/esm/hooks:748:28)
    at Hooks.resolve (node:internal/modules/esm/hooks:240:30)
    at MessagePort.handleMessage (node:internal/modules/esm/worker:199:24)
    at [nodejs.internal.kHybridDispatch] (node:internal/event_target:845:20)
    at MessagePort.<anonymous> (node:internal/per_context/messageport:23:28)
[19:18:59.294] [PROMPT] Would you like to send anonymous crash reports to improve Storybook and fix bugs faster? {"choice":true}